<?xml version="1.0" encoding="UTF-8"?>
<coverage generated="1674836487674" clover="3.2.0">
  <project timestamp="1674836487674" name="All files">
    <metrics statements="59" coveredstatements="54" conditionals="16" coveredconditionals="16" methods="8" coveredmethods="4" elements="83" coveredelements="74" complexity="0" loc="59" ncloc="59" packages="1" files="1" classes="1"/>
    <file name="testDriven.ts" path="/home/lucas/Desktop/TDD/src/testDriven.ts">
      <metrics statements="59" coveredstatements="54" conditionals="16" coveredconditionals="16" methods="8" coveredmethods="4"/>
      <line num="1" count="1" type="stmt"/>
      <line num="2" count="0" type="stmt"/>
      <line num="3" count="0" type="stmt"/>
      <line num="4" count="0" type="stmt"/>
      <line num="5" count="1" type="stmt"/>
      <line num="6" count="1" type="stmt"/>
      <line num="7" count="0" type="stmt"/>
      <line num="8" count="0" type="stmt"/>
      <line num="9" count="1" type="stmt"/>
      <line num="10" count="1" type="cond" truecount="1" falsecount="0"/>
      <line num="11" count="6" type="stmt"/>
      <line num="12" count="6" type="stmt"/>
      <line num="13" count="6" type="stmt"/>
      <line num="14" count="6" type="cond" truecount="1" falsecount="0"/>
      <line num="15" count="73" type="cond" truecount="1" falsecount="0"/>
      <line num="16" count="6" type="stmt"/>
      <line num="17" count="73" type="cond" truecount="1" falsecount="0"/>
      <line num="18" count="67" type="stmt"/>
      <line num="19" count="67" type="stmt"/>
      <line num="20" count="73" type="stmt"/>
      <line num="21" count="73" type="stmt"/>
      <line num="22" count="6" type="stmt"/>
      <line num="23" count="6" type="cond" truecount="1" falsecount="0"/>
      <line num="24" count="1" type="stmt"/>
      <line num="25" count="67" type="cond" truecount="1" falsecount="0"/>
      <line num="26" count="67" type="stmt"/>
      <line num="27" count="67" type="stmt"/>
      <line num="28" count="67" type="cond" truecount="1" falsecount="0"/>
      <line num="29" count="849" type="cond" truecount="1" falsecount="0"/>
      <line num="30" count="60" type="stmt"/>
      <line num="31" count="60" type="stmt"/>
      <line num="32" count="60" type="cond" truecount="1" falsecount="0"/>
      <line num="33" count="849" type="cond" truecount="1" falsecount="0"/>
      <line num="34" count="849" type="cond" truecount="1" falsecount="0"/>
      <line num="35" count="60" type="stmt"/>
      <line num="36" count="67" type="cond" truecount="1" falsecount="0"/>
      <line num="37" count="2" type="stmt"/>
      <line num="38" count="67" type="cond" truecount="1" falsecount="0"/>
      <line num="39" count="58" type="stmt"/>
      <line num="40" count="58" type="stmt"/>
      <line num="41" count="67" type="stmt"/>
      <line num="42" count="1" type="stmt"/>
      <line num="43" count="1" type="cond" truecount="1" falsecount="0"/>
      <line num="44" count="1" type="cond" truecount="1" falsecount="0"/>
      <line num="45" count="1" type="cond" truecount="1" falsecount="0"/>
      <line num="46" count="1" type="stmt"/>
      <line num="47" count="1" type="stmt"/>
      <line num="48" count="1" type="stmt"/>
      <line num="49" count="1" type="stmt"/>
      <line num="50" count="1" type="stmt"/>
      <line num="51" count="1" type="stmt"/>
      <line num="52" count="1" type="stmt"/>
      <line num="53" count="1" type="stmt"/>
      <line num="54" count="1" type="stmt"/>
      <line num="55" count="1" type="stmt"/>
      <line num="56" count="1" type="stmt"/>
      <line num="57" count="1" type="stmt"/>
      <line num="58" count="1" type="stmt"/>
      <line num="59" count="1" type="stmt"/>
    </file>
  </project>
</coverage>
