{"/home/lucas/Desktop/TDD/src/testDriven.ts": {"path":"/home/lucas/Desktop/TDD/src/testDriven.ts","all":false,"statementMap":{"0":{"start":{"line":1,"column":0},"end":{"line":1,"column":46}},"1":{"start":{"line":2,"column":0},"end":{"line":2,"column":56}},"2":{"start":{"line":3,"column":0},"end":{"line":3,"column":60}},"3":{"start":{"line":4,"column":0},"end":{"line":4,"column":1}},"4":{"start":{"line":5,"column":0},"end":{"line":5,"column":0}},"5":{"start":{"line":6,"column":0},"end":{"line":6,"column":50}},"6":{"start":{"line":7,"column":0},"end":{"line":7,"column":55}},"7":{"start":{"line":8,"column":0},"end":{"line":8,"column":1}},"8":{"start":{"line":9,"column":0},"end":{"line":9,"column":0}},"9":{"start":{"line":10,"column":0},"end":{"line":10,"column":59}},"10":{"start":{"line":11,"column":0},"end":{"line":11,"column":38}},"11":{"start":{"line":12,"column":0},"end":{"line":12,"column":21}},"12":{"start":{"line":13,"column":0},"end":{"line":13,"column":19}},"13":{"start":{"line":14,"column":0},"end":{"line":14,"column":49}},"14":{"start":{"line":15,"column":0},"end":{"line":15,"column":33}},"15":{"start":{"line":16,"column":0},"end":{"line":16,"column":24}},"16":{"start":{"line":17,"column":0},"end":{"line":17,"column":16}},"17":{"start":{"line":18,"column":0},"end":{"line":18,"column":56}},"18":{"start":{"line":19,"column":0},"end":{"line":19,"column":9}},"19":{"start":{"line":20,"column":0},"end":{"line":20,"column":29}},"20":{"start":{"line":21,"column":0},"end":{"line":21,"column":5}},"21":{"start":{"line":22,"column":0},"end":{"line":22,"column":28}},"22":{"start":{"line":23,"column":0},"end":{"line":23,"column":1}},"23":{"start":{"line":24,"column":0},"end":{"line":24,"column":0}},"24":{"start":{"line":25,"column":0},"end":{"line":25,"column":54}},"25":{"start":{"line":26,"column":0},"end":{"line":26,"column":45}},"26":{"start":{"line":27,"column":0},"end":{"line":27,"column":26}},"27":{"start":{"line":28,"column":0},"end":{"line":28,"column":35}},"28":{"start":{"line":29,"column":0},"end":{"line":29,"column":38}},"29":{"start":{"line":30,"column":0},"end":{"line":30,"column":49}},"30":{"start":{"line":31,"column":0},"end":{"line":31,"column":17}},"31":{"start":{"line":32,"column":0},"end":{"line":32,"column":9}},"32":{"start":{"line":33,"column":0},"end":{"line":33,"column":32}},"33":{"start":{"line":34,"column":0},"end":{"line":34,"column":5}},"34":{"start":{"line":35,"column":0},"end":{"line":35,"column":0}},"35":{"start":{"line":36,"column":0},"end":{"line":36,"column":19}},"36":{"start":{"line":37,"column":0},"end":{"line":37,"column":38}},"37":{"start":{"line":38,"column":0},"end":{"line":38,"column":12}},"38":{"start":{"line":39,"column":0},"end":{"line":39,"column":31}},"39":{"start":{"line":40,"column":0},"end":{"line":40,"column":5}},"40":{"start":{"line":41,"column":0},"end":{"line":41,"column":1}},"41":{"start":{"line":42,"column":0},"end":{"line":42,"column":0}},"42":{"start":{"line":43,"column":0},"end":{"line":43,"column":47}},"43":{"start":{"line":44,"column":0},"end":{"line":44,"column":51}},"44":{"start":{"line":45,"column":0},"end":{"line":45,"column":54}},"45":{"start":{"line":46,"column":0},"end":{"line":46,"column":36}},"46":{"start":{"line":47,"column":0},"end":{"line":47,"column":28}},"47":{"start":{"line":48,"column":0},"end":{"line":48,"column":35}},"48":{"start":{"line":49,"column":0},"end":{"line":49,"column":0}},"49":{"start":{"line":50,"column":0},"end":{"line":50,"column":11}},"50":{"start":{"line":51,"column":0},"end":{"line":51,"column":24}},"51":{"start":{"line":52,"column":0},"end":{"line":52,"column":16}},"52":{"start":{"line":53,"column":0},"end":{"line":53,"column":16}},"53":{"start":{"line":54,"column":0},"end":{"line":54,"column":21}},"54":{"start":{"line":55,"column":0},"end":{"line":55,"column":5}},"55":{"start":{"line":56,"column":0},"end":{"line":56,"column":1}},"56":{"start":{"line":57,"column":0},"end":{"line":57,"column":0}},"57":{"start":{"line":58,"column":0},"end":{"line":58,"column":0}},"58":{"start":{"line":59,"column":0},"end":{"line":59,"column":37}}},"s":{"0":1,"1":0,"2":0,"3":0,"4":1,"5":1,"6":0,"7":0,"8":1,"9":1,"10":6,"11":6,"12":6,"13":6,"14":73,"15":6,"16":73,"17":67,"18":67,"19":73,"20":73,"21":6,"22":6,"23":1,"24":67,"25":67,"26":67,"27":67,"28":849,"29":60,"30":60,"31":60,"32":849,"33":849,"34":60,"35":67,"36":2,"37":67,"38":58,"39":58,"40":67,"41":1,"42":1,"43":1,"44":1,"45":1,"46":1,"47":1,"48":1,"49":1,"50":1,"51":1,"52":1,"53":1,"54":1,"55":1,"56":1,"57":1,"58":1},"branchMap":{"0":{"type":"branch","line":10,"loc":{"start":{"line":10,"column":7},"end":{"line":23,"column":1}},"locations":[{"start":{"line":10,"column":7},"end":{"line":23,"column":1}}]},"1":{"type":"branch","line":14,"loc":{"start":{"line":14,"column":40},"end":{"line":21,"column":5}},"locations":[{"start":{"line":14,"column":40},"end":{"line":21,"column":5}}]},"2":{"type":"branch","line":15,"loc":{"start":{"line":15,"column":32},"end":{"line":17,"column":15}},"locations":[{"start":{"line":15,"column":32},"end":{"line":17,"column":15}}]},"3":{"type":"branch","line":17,"loc":{"start":{"line":17,"column":8},"end":{"line":19,"column":9}},"locations":[{"start":{"line":17,"column":8},"end":{"line":19,"column":9}}]},"4":{"type":"branch","line":23,"loc":{"start":{"line":23,"column":0},"end":{"line":23,"column":1}},"locations":[{"start":{"line":23,"column":0},"end":{"line":23,"column":1}}]},"5":{"type":"branch","line":25,"loc":{"start":{"line":25,"column":0},"end":{"line":41,"column":1}},"locations":[{"start":{"line":25,"column":0},"end":{"line":41,"column":1}}]},"6":{"type":"branch","line":28,"loc":{"start":{"line":28,"column":34},"end":{"line":34,"column":5}},"locations":[{"start":{"line":28,"column":34},"end":{"line":34,"column":5}}]},"7":{"type":"branch","line":29,"loc":{"start":{"line":29,"column":37},"end":{"line":32,"column":9}},"locations":[{"start":{"line":29,"column":37},"end":{"line":32,"column":9}}]},"8":{"type":"branch","line":32,"loc":{"start":{"line":32,"column":8},"end":{"line":33,"column":26}},"locations":[{"start":{"line":32,"column":8},"end":{"line":33,"column":26}}]},"9":{"type":"branch","line":33,"loc":{"start":{"line":33,"column":19},"end":{"line":33,"column":32}},"locations":[{"start":{"line":33,"column":19},"end":{"line":33,"column":32}}]},"10":{"type":"branch","line":34,"loc":{"start":{"line":34,"column":4},"end":{"line":36,"column":18}},"locations":[{"start":{"line":34,"column":4},"end":{"line":36,"column":18}}]},"11":{"type":"branch","line":36,"loc":{"start":{"line":36,"column":18},"end":{"line":38,"column":11}},"locations":[{"start":{"line":36,"column":18},"end":{"line":38,"column":11}}]},"12":{"type":"branch","line":38,"loc":{"start":{"line":38,"column":4},"end":{"line":40,"column":5}},"locations":[{"start":{"line":38,"column":4},"end":{"line":40,"column":5}}]},"13":{"type":"branch","line":43,"loc":{"start":{"line":43,"column":0},"end":{"line":56,"column":1}},"locations":[{"start":{"line":43,"column":0},"end":{"line":56,"column":1}}]},"14":{"type":"branch","line":44,"loc":{"start":{"line":44,"column":38},"end":{"line":44,"column":50}},"locations":[{"start":{"line":44,"column":38},"end":{"line":44,"column":50}}]},"15":{"type":"branch","line":45,"loc":{"start":{"line":45,"column":38},"end":{"line":45,"column":52}},"locations":[{"start":{"line":45,"column":38},"end":{"line":45,"column":52}}]}},"b":{"0":[6],"1":[73],"2":[6],"3":[67],"4":[6],"5":[67],"6":[849],"7":[60],"8":[789],"9":[7],"10":[60],"11":[2],"12":[58],"13":[1],"14":[5],"15":[4]},"fnMap":{"0":{"name":"capitalize","decl":{"start":{"line":1,"column":45},"end":{"line":4,"column":1}},"loc":{"start":{"line":1,"column":45},"end":{"line":4,"column":1}},"line":1},"1":{"name":"get","decl":{"start":{"line":4,"column":0},"end":{"line":4,"column":1}},"loc":{"start":{"line":4,"column":0},"end":{"line":4,"column":1}},"line":4},"2":{"name":"reverseString","decl":{"start":{"line":6,"column":7},"end":{"line":8,"column":1}},"loc":{"start":{"line":6,"column":7},"end":{"line":8,"column":1}},"line":6},"3":{"name":"get","decl":{"start":{"line":8,"column":0},"end":{"line":8,"column":1}},"loc":{"start":{"line":8,"column":0},"end":{"line":8,"column":1}},"line":8},"4":{"name":"caesarCipher","decl":{"start":{"line":10,"column":7},"end":{"line":23,"column":1}},"loc":{"start":{"line":10,"column":7},"end":{"line":23,"column":1}},"line":10},"5":{"name":"get","decl":{"start":{"line":23,"column":0},"end":{"line":23,"column":1}},"loc":{"start":{"line":23,"column":0},"end":{"line":23,"column":1}},"line":23},"6":{"name":"alphabetIndex","decl":{"start":{"line":25,"column":0},"end":{"line":41,"column":1}},"loc":{"start":{"line":25,"column":0},"end":{"line":41,"column":1}},"line":25},"7":{"name":"analyseArray","decl":{"start":{"line":43,"column":0},"end":{"line":56,"column":1}},"loc":{"start":{"line":43,"column":0},"end":{"line":56,"column":1}},"line":43}},"f":{"0":0,"1":0,"2":0,"3":0,"4":6,"5":6,"6":67,"7":1}}
}
